<?xml version="1.0" encoding="UTF-8"?>
<testsuite xmlns:xsi="http://www.w3.org/2001/XMLSchema-instance" xsi:noNamespaceSchemaLocation="https://maven.apache.org/surefire/maven-surefire-plugin/xsd/surefire-test-report.xsd" name="com.smartbi.e2e.TraceRecordE2ETest" time="1.291" tests="6" errors="0" skipped="0" failures="0">
  <properties>
[...]
</properties>
  <testcase name="testStatementTraceWrittenToMysql" classname="com.smartbi.e2e.TraceRecordE2ETest" time="0.234"/>
  <testcase name="testPreparedTraceWrittenToMysql" classname="com.smartbi.e2e.TraceRecordE2ETest" time="0.746"/>
  <testcase name="testFailedQueryTraceWritten" classname="com.smartbi.e2e.TraceRecordE2ETest" time="0.112"/>
  <testcase name="testPrestoRouteTraceHasCorrectDatasource" classname="com.smartbi.e2e.TraceRecordE2ETest" time="0.052"/>
  <testcase name="testManagerApiReturnsTraceRecords" classname="com.smartbi.e2e.TraceRecordE2ETest" time="0.017"/>
  <testcase name="testPatternStatsIncrement" classname="com.smartbi.e2e.TraceRecordE2ETest" time="0.128"/>
</testsuite>